[2022-05-06T14:36:15+0100] [MainThread] [I] [cwltool] Resolved 'md_list.cwl' to 'file:///gpfs01/scratch/mbexegc2/biobb_hpc_cwl_md_list/md_list.cwl'
[2022-05-06T14:36:45+0100] [MainThread] [W] [cwltool] Workflow checker warning:
md_list.cwl:205:7:  'input_ndx_path' is not an input parameter of
                    file:///gpfs01/scratch/mbexegc2/biobb_hpc_cwl_md_list/biobb/biobb_adapters/cwl/biobb_md/gromacs/grompp.cwl,
                    expected config, input_cpt_path, input_gro_path, input_top_zip_path
md_list.cwl:229:7:  'input_ndx_path' is not an input parameter of
                    file:///gpfs01/scratch/mbexegc2/biobb_hpc_cwl_md_list/biobb/biobb_adapters/cwl/biobb_md/gromacs/grompp.cwl,
                    expected config, input_cpt_path, input_gro_path, input_top_zip_path
md_list.cwl:183:7:  'input_ndx_path' is not an input parameter of
                    file:///gpfs01/scratch/mbexegc2/biobb_hpc_cwl_md_list/biobb/biobb_adapters/cwl/biobb_md/gromacs/grompp.cwl,
                    expected config, input_gro_path, input_top_zip_path
md_list.cwl:240:79: Source 'output_cpt_file' of type ["null", "File"] may be incompatible
md_list.cwl:253:7:    with sink 'external_files' of type {"type": "array", "items": "File"}
                      source has linkMerge method merge_flattened
                      pickValue is: all_non_null
[2022-05-06T14:36:45+0100] [MainThread] [I] [toil.job] Saving graph of 2 jobs, 2 new
[2022-05-06T14:36:45+0100] [MainThread] [I] [toil.job] Processing job 'ResolveIndirect' kind-ResolveIndirect/instance-dxqubw2k v0
[2022-05-06T14:36:45+0100] [MainThread] [I] [toil.job] Processing job 'CWLWorkflow' kind-CWLWorkflow/instance-pnuilz2d v0
[2022-05-06T14:36:45+0100] [MainThread] [I] [toil] Running Toil version 5.6.0-c34146a6437e4407a61e946e968bcce67a0ebbca on host login02.csf4.local.
[2022-05-06T14:36:46+0100] [MainThread] [I] [toil.worker] Redirecting logging to /gpfs01/scratch/mbexegc2/biobb_hpc_cwl_md_list/workdir/ad756ff7c08c5247a803b442abb1e3af/ac42/worker_log.txt
[2022-05-06T14:36:48+0100] [MainThread] [I] [toil.leader] 2 jobs are running, -1 jobs are issued and waiting to run
[2022-05-06T14:36:52+0100] [MainThread] [W] [toil.leader] A result seems to already have been processed for job 0
[2022-05-06T14:37:21+0100] [MainThread] [I] [toil.leader] Issued job 'CWLJob' md_list.cwl.step1_pdb2gmx.pdb2gmx.cwl kind-CWLJob/instance-70qhuw_w v1 with job batch system ID: 2 and cores: 1, disk: 2.0 Gi, and memory: 1.0 Gi
[2022-05-06T14:37:57+0100] [MainThread] [I] [toil.leader] Issued job 'CWLJob' md_list.cwl.step2_editconf.editconf.cwl kind-CWLJob/instance-f1w63lgs v1 with job batch system ID: 3 and cores: 1, disk: 2.0 Gi, and memory: 1.0 Gi
[2022-05-06T14:38:33+0100] [MainThread] [I] [toil.leader] Issued job 'CWLJob' md_list.cwl.step3_solvate.solvate.cwl kind-CWLJob/instance-f0_fav18 v1 with job batch system ID: 4 and cores: 1, disk: 2.0 Gi, and memory: 1.0 Gi
[2022-05-06T14:39:10+0100] [MainThread] [I] [toil.leader] Issued job 'CWLJob' md_list.cwl.step4_grompp_genion.grompp.cwl kind-CWLJob/instance-48ra47xd v1 with job batch system ID: 5 and cores: 1, disk: 2.0 Gi, and memory: 2.0 Gi
[2022-05-06T14:39:46+0100] [MainThread] [I] [toil.leader] Issued job 'CWLJob' md_list.cwl.step5_genion.genion.cwl kind-CWLJob/instance-e1zbu6qw v1 with job batch system ID: 6 and cores: 1, disk: 2.0 Gi, and memory: 1.0 Gi
[2022-05-06T14:40:22+0100] [MainThread] [I] [toil.leader] Issued job 'CWLJob' md_list.cwl.step6_grompp_min.grompp.cwl kind-CWLJob/instance-trttsyop v1 with job batch system ID: 7 and cores: 1, disk: 2.0 Gi, and memory: 2.0 Gi
[2022-05-06T14:49:24+0100] [MainThread] [I] [toil.leader] Issued job 'CWLJob' md_list.cwl.step8_make_ndx.make_ndx.cwl kind-CWLJob/instance-ptre2d1d v1 with job batch system ID: 8 and cores: 1, disk: 2.0 Gi, and memory: 1.0 Gi
[2022-05-06T14:50:00+0100] [MainThread] [I] [toil.leader] Issued job 'CWLJob' md_list.cwl.step9_grompp_nvt.grompp.cwl kind-CWLJob/instance-bbl6n48t v1 with job batch system ID: 9 and cores: 1, disk: 2.0 Gi, and memory: 2.0 Gi
[2022-05-06T14:50:36+0100] [MainThread] [I] [toil.leader] Issued job 'CWLJob' md_list.cwl.step10_mdrun_nvt.mdrun.cwl kind-CWLJob/instance-ijlpzvwb v1 with job batch system ID: 10 and cores: 6, disk: 3.0 Gi, and memory: 2.0 Gi
sbatch: error: QOSMaxCpuPerJobLimit
sbatch: error: Batch job submission failed: Job violates accounting/QOS policy (job submit limit, user's size and/or time limits)
[2022-05-06T14:50:36+0100] [Thread-3  ] [E] [toil.batchSystems.abstractGridEngineBatchSystem] Will retry errored operation submitJob, code 1: sbatch: error: QOSMaxCpuPerJobLimit
sbatch: error: Batch job submission failed: Job violates accounting/QOS policy (job submit limit, user's size and/or time limits)

sbatch: error: QOSMaxCpuPerJobLimit
sbatch: error: Batch job submission failed: Job violates accounting/QOS policy (job submit limit, user's size and/or time limits)
[2022-05-06T14:51:12+0100] [Thread-3  ] [E] [toil.batchSystems.abstractGridEngineBatchSystem] Will retry errored operation submitJob, code 1: sbatch: error: QOSMaxCpuPerJobLimit
sbatch: error: Batch job submission failed: Job violates accounting/QOS policy (job submit limit, user's size and/or time limits)

sbatch: error: QOSMaxCpuPerJobLimit
sbatch: error: Batch job submission failed: Job violates accounting/QOS policy (job submit limit, user's size and/or time limits)
[2022-05-06T14:51:48+0100] [Thread-3  ] [E] [toil.batchSystems.abstractGridEngineBatchSystem] Failed operation submitJob, code 1: sbatch: error: QOSMaxCpuPerJobLimit
sbatch: error: Batch job submission failed: Job violates accounting/QOS policy (job submit limit, user's size and/or time limits)

[2022-05-06T14:51:48+0100] [Thread-3  ] [E] [toil.batchSystems.abstractGridEngineBatchSystem] GridEngine like batch system failure
Traceback (most recent call last):
  File "/gpfs01/scratch/mbexegc2/biobb_hpc_cwl_md_list/venv/lib/python3.9/site-packages/toil/batchSystems/abstractGridEngineBatchSystem.py", line 252, in run
    while self._runStep():
  File "/gpfs01/scratch/mbexegc2/biobb_hpc_cwl_md_list/venv/lib/python3.9/site-packages/toil/batchSystems/abstractGridEngineBatchSystem.py", line 241, in _runStep
    activity |= self.createJobs(newJob)
  File "/gpfs01/scratch/mbexegc2/biobb_hpc_cwl_md_list/venv/lib/python3.9/site-packages/toil/batchSystems/abstractGridEngineBatchSystem.py", line 115, in createJobs
    batchJobID = self.boss.with_retries(self.submitJob, subLine)
  File "/gpfs01/scratch/mbexegc2/biobb_hpc_cwl_md_list/venv/lib/python3.9/site-packages/toil/batchSystems/abstractGridEngineBatchSystem.py", line 482, in with_retries
    raise err
  File "/gpfs01/scratch/mbexegc2/biobb_hpc_cwl_md_list/venv/lib/python3.9/site-packages/toil/batchSystems/abstractGridEngineBatchSystem.py", line 473, in with_retries
    return operation(*args, **kwargs)
  File "/gpfs01/scratch/mbexegc2/biobb_hpc_cwl_md_list/venv/lib/python3.9/site-packages/toil/batchSystems/slurm.py", line 69, in submitJob
    output = call_command(subLine)
  File "/gpfs01/scratch/mbexegc2/biobb_hpc_cwl_md_list/venv/lib/python3.9/site-packages/toil/lib/misc.py", line 112, in call_command
    raise CalledProcessErrorStderr(proc.returncode, cmd, output=stdout, stderr=stderr)
toil.lib.misc.CalledProcessErrorStderr: Command '['sbatch', '-J', 'toil_job_10_md_list.cwl.step10_mdrun_nvt.mdrun.cwl', '--export=OMP_NUM_THREADS=6', '--cpus-per-task=6', '-o', '/gpfs01/scratch/mbexegc2/biobb_hpc_cwl_md_list/workdir/toil_53c7ac0d-eebc-4973-9725-5514364b698c.10.%j.out.log', '-e', '/gpfs01/scratch/mbexegc2/biobb_hpc_cwl_md_list/workdir/toil_53c7ac0d-eebc-4973-9725-5514364b698c.10.%j.err.log', '--partition=serial', '--export=ALL', '--wrap=_toil_worker CWLJob file:/gpfs01/scratch/mbexegc2/biobb_hpc_cwl_md_list/jobstore/test_2022-05-06_14-36 kind-CWLJob/instance-ijlpzvwb --context gASVBAEAAAAAAACMIXRvaWwuYmF0Y2hTeXN0ZW1zLmNsZWFudXBfc3VwcG9ydJSMFFdvcmtlckNsZWFudXBDb250ZXh0lJOUKYGUfZSMEXdvcmtlckNsZWFudXBJbmZvlIwldG9pbC5iYXRjaFN5c3RlbXMuYWJzdHJhY3RCYXRjaFN5c3RlbZSMEVdvcmtlckNsZWFudXBJbmZvlJOUjDYvZ3BmczAxL3NjcmF0Y2gvbWJleGVnYzIvYmlvYmJfaHBjX2N3bF9tZF9saXN0L3dvcmtkaXKUjCQ1M2M3YWMwZC1lZWJjLTQ5NzMtOTcyNS01NTE0MzY0YjY5OGOUjAZhbHdheXOUh5SBlHNiLg==']' exit status 1: sbatch: error: QOSMaxCpuPerJobLimit
sbatch: error: Batch job submission failed: Job violates accounting/QOS policy (job submit limit, user's size and/or time limits)

Exception in thread Thread-3:
Traceback (most recent call last):
  File "/mnt/iusers01/support/mbexegc2/python3.9.9/lib/python3.9/threading.py", line 973, in _bootstrap_inner
    self.run()
  File "/gpfs01/scratch/mbexegc2/biobb_hpc_cwl_md_list/venv/lib/python3.9/site-packages/toil/batchSystems/abstractGridEngineBatchSystem.py", line 252, in run
    while self._runStep():
  File "/gpfs01/scratch/mbexegc2/biobb_hpc_cwl_md_list/venv/lib/python3.9/site-packages/toil/batchSystems/abstractGridEngineBatchSystem.py", line 241, in _runStep
    activity |= self.createJobs(newJob)
  File "/gpfs01/scratch/mbexegc2/biobb_hpc_cwl_md_list/venv/lib/python3.9/site-packages/toil/batchSystems/abstractGridEngineBatchSystem.py", line 115, in createJobs
    batchJobID = self.boss.with_retries(self.submitJob, subLine)
  File "/gpfs01/scratch/mbexegc2/biobb_hpc_cwl_md_list/venv/lib/python3.9/site-packages/toil/batchSystems/abstractGridEngineBatchSystem.py", line 482, in with_retries
    raise err
  File "/gpfs01/scratch/mbexegc2/biobb_hpc_cwl_md_list/venv/lib/python3.9/site-packages/toil/batchSystems/abstractGridEngineBatchSystem.py", line 473, in with_retries
    return operation(*args, **kwargs)
  File "/gpfs01/scratch/mbexegc2/biobb_hpc_cwl_md_list/venv/lib/python3.9/site-packages/toil/batchSystems/slurm.py", line 69, in submitJob
    output = call_command(subLine)
  File "/gpfs01/scratch/mbexegc2/biobb_hpc_cwl_md_list/venv/lib/python3.9/site-packages/toil/lib/misc.py", line 112, in call_command
    raise CalledProcessErrorStderr(proc.returncode, cmd, output=stdout, stderr=stderr)
toil.lib.misc.CalledProcessErrorStderr: Command '['sbatch', '-J', 'toil_job_10_md_list.cwl.step10_mdrun_nvt.mdrun.cwl', '--export=OMP_NUM_THREADS=6', '--cpus-per-task=6', '-o', '/gpfs01/scratch/mbexegc2/biobb_hpc_cwl_md_list/workdir/toil_53c7ac0d-eebc-4973-9725-5514364b698c.10.%j.out.log', '-e', '/gpfs01/scratch/mbexegc2/biobb_hpc_cwl_md_list/workdir/toil_53c7ac0d-eebc-4973-9725-5514364b698c.10.%j.err.log', '--partition=serial', '--export=ALL', '--wrap=_toil_worker CWLJob file:/gpfs01/scratch/mbexegc2/biobb_hpc_cwl_md_list/jobstore/test_2022-05-06_14-36 kind-CWLJob/instance-ijlpzvwb --context gASVBAEAAAAAAACMIXRvaWwuYmF0Y2hTeXN0ZW1zLmNsZWFudXBfc3VwcG9ydJSMFFdvcmtlckNsZWFudXBDb250ZXh0lJOUKYGUfZSMEXdvcmtlckNsZWFudXBJbmZvlIwldG9pbC5iYXRjaFN5c3RlbXMuYWJzdHJhY3RCYXRjaFN5c3RlbZSMEVdvcmtlckNsZWFudXBJbmZvlJOUjDYvZ3BmczAxL3NjcmF0Y2gvbWJleGVnYzIvYmlvYmJfaHBjX2N3bF9tZF9saXN0L3dvcmtkaXKUjCQ1M2M3YWMwZC1lZWJjLTQ5NzMtOTcyNS01NTE0MzY0YjY5OGOUjAZhbHdheXOUh5SBlHNiLg==']' exit status 1: sbatch: error: QOSMaxCpuPerJobLimit
sbatch: error: Batch job submission failed: Job violates accounting/QOS policy (job submit limit, user's size and/or time limits)

